Построение начато 26.05.2018 14:02:04.
     1>Проект "C:\Users\user\Desktop\мтуси\3 курс\lab\lab_1\lab1\lab1.vcxproj" в узле 2 (целевые объекты build).
     1>InitializeBuildStatus:
         Создание "Debug\lab1.unsuccessfulbuild", так как было задано "AlwaysCreate".
       ClCompile:
         C:\Program Files (x86)\Microsoft Visual Studio 10.0\VC\bin\CL.exe /c /ZI /nologo /W3 /WX- /Od /Oy- /D _MBCS /Gm /EHsc /RTC1 /MDd /GS /fp:precise /Zc:wchar_t /Zc:forScope /Fo"Debug\\" /Fd"Debug\vc100.pdb" /Gd /TC /analyze- /errorReport:prompt task2.c
         task2.c
     1>c:\users\user\desktop\мтуси\3 курс\lab\lab_1\lab1\task2.c(29): warning C4098: main: функция типа "void", возвращающая значение
       Link:
         C:\Program Files (x86)\Microsoft Visual Studio 10.0\VC\bin\link.exe /ERRORREPORT:PROMPT /OUT:"C:\Users\user\Desktop\мтуси\3 курс\lab\lab_1\Debug\lab1.exe" /NOLOGO task8.lib kernel32.lib user32.lib gdi32.lib winspool.lib comdlg32.lib advapi32.lib shell32.lib ole32.lib oleaut32.lib uuid.lib odbc32.lib odbccp32.lib /MANIFEST /ManifestFile:"Debug\lab1.exe.intermediate.manifest" /MANIFESTUAC:"level='asInvoker' uiAccess='false'" /DEBUG /PDB:"C:\Users\user\Desktop\мтуси\3 курс\lab\lab_1\Debug\lab1.pdb" /TLBID:1 /DYNAMICBASE /NXCOMPAT /IMPLIB:"C:\Users\user\Desktop\мтуси\3 курс\lab\lab_1\Debug\lab1.lib" /MACHINE:X86 Debug\task2.obj
         LINK : не найден или не выполнена сборка C:\Users\user\Desktop\мтуси\3 курс\lab\lab_1\Debug\lab1.exe при последней инкрементной компоновке; выполняется полная компоновка
         lab1.vcxproj -> C:\Users\user\Desktop\мтуси\3 курс\lab\lab_1\Debug\lab1.exe
       Manifest:
         C:\Program Files (x86)\Microsoft SDKs\Windows\v7.0A\bin\mt.exe /nologo /verbose /outputresource:"C:\Users\user\Desktop\мтуси\3 курс\lab\lab_1\Debug\lab1.exe;#1" /manifest Debug\lab1.exe.intermediate.manifest
       FinalizeBuildStatus:
         Файл "Debug\lab1.unsuccessfulbuild" удаляется.
         Обращение к "Debug\lab1.lastbuildstate".
     1>Построение проекта "C:\Users\user\Desktop\мтуси\3 курс\lab\lab_1\lab1\lab1.vcxproj" завершено (целевые объекты build).

Построение успешно завершено.

Затраченное время: 00:00:00.73
