Построение начато 26.05.2018 14:36:31.
     1>Проект "C:\Users\user\Desktop\мтуси\3 курс\lab\lab_2\lab_2\lab_2.vcxproj" в узле 2 (целевые объекты build).
     1>InitializeBuildStatus:
         Создание "Debug\lab_2.unsuccessfulbuild", так как было задано "AlwaysCreate".
       ClCompile:
         C:\Program Files (x86)\Microsoft Visual Studio 10.0\VC\bin\CL.exe /c /ZI /nologo /W3 /WX- /Od /Oy- /D _MBCS /Gm /EHsc /RTC1 /MDd /GS /fp:precise /Zc:wchar_t /Zc:forScope /Fo"Debug\\" /Fd"Debug\vc100.pdb" /Gd /TC /analyze- /errorReport:prompt task1.c
         task1.c
     1>c:\users\user\desktop\мтуси\3 курс\lab\lab_2\lab_2\task1.c(48): warning C4244: =: преобразование "double" в "int", возможна потеря данных
     1>c:\users\user\desktop\мтуси\3 курс\lab\lab_2\lab_2\task1.c(19): warning C4715: f: значение возвращается не при всех путях выполнения
       Link:
         C:\Program Files (x86)\Microsoft Visual Studio 10.0\VC\bin\link.exe /ERRORREPORT:PROMPT /OUT:"C:\Users\user\Desktop\мтуси\3 курс\lab\lab_2\Debug\lab_2.exe" /NOLOGO kernel32.lib user32.lib gdi32.lib winspool.lib comdlg32.lib advapi32.lib shell32.lib ole32.lib oleaut32.lib uuid.lib odbc32.lib odbccp32.lib /MANIFEST /ManifestFile:"Debug\lab_2.exe.intermediate.manifest" /MANIFESTUAC:"level='asInvoker' uiAccess='false'" /DEBUG /PDB:"C:\Users\user\Desktop\мтуси\3 курс\lab\lab_2\Debug\lab_2.pdb" /TLBID:1 /DYNAMICBASE /NXCOMPAT /IMPLIB:"C:\Users\user\Desktop\мтуси\3 курс\lab\lab_2\Debug\lab_2.lib" /MACHINE:X86 Debug\task1.obj
         LINK : не найден или не выполнена сборка C:\Users\user\Desktop\мтуси\3 курс\lab\lab_2\Debug\lab_2.exe при последней инкрементной компоновке; выполняется полная компоновка
         lab_2.vcxproj -> C:\Users\user\Desktop\мтуси\3 курс\lab\lab_2\Debug\lab_2.exe
       Manifest:
         C:\Program Files (x86)\Microsoft SDKs\Windows\v7.0A\bin\mt.exe /nologo /verbose /outputresource:"C:\Users\user\Desktop\мтуси\3 курс\lab\lab_2\Debug\lab_2.exe;#1" /manifest Debug\lab_2.exe.intermediate.manifest
       FinalizeBuildStatus:
         Файл "Debug\lab_2.unsuccessfulbuild" удаляется.
         Обращение к "Debug\lab_2.lastbuildstate".
     1>Построение проекта "C:\Users\user\Desktop\мтуси\3 курс\lab\lab_2\lab_2\lab_2.vcxproj" завершено (целевые объекты build).

Построение успешно завершено.

Затраченное время: 00:00:00.74
